<?xml version="1.0" encoding="UTF-8"?>
<!-- Generated by org.testng.reporters.JUnitReportReporter -->
<testsuite hostname="shrinivas" failures="0" tests="1" name="InheritanceForTestNG.PS1" time="0.034" errors="0" timestamp="2024-12-07T06:39:23 IST" skipped="0">
  <testcase classname="InheritanceForTestNG.PS1" name="Run" time="0.034"/>
</testsuite> <!-- InheritanceForTestNG.PS1 -->
